2024-02-06 23:43:12,115 [Worker-1: Loading available Gradle versions] INFO  o.e.b.c.i.u.g.PublishedGradleVersions - Gradle version information cache is out-of-date. Trying to update.
2024-02-07 04:11:06,222 [Worker-4: Loading available Gradle versions] INFO  o.e.b.c.i.u.g.PublishedGradleVersions - Gradle version information cache is up-to-date. Trying to read.
2024-02-07 08:33:18,269 [Worker-5: Loading available Gradle versions] INFO  o.e.b.c.i.u.g.PublishedGradleVersions - Gradle version information cache is up-to-date. Trying to read.
2024-02-08 01:21:50,814 [Worker-5: Loading available Gradle versions] INFO  o.e.b.c.i.u.g.PublishedGradleVersions - Gradle version information cache is out-of-date. Trying to update.
2024-02-08 02:10:00,283 [Worker-2: Loading available Gradle versions] INFO  o.e.b.c.i.u.g.PublishedGradleVersions - Gradle version information cache is up-to-date. Trying to read.
2024-02-08 02:13:09,943 [Worker-5: Loading available Gradle versions] INFO  o.e.b.c.i.u.g.PublishedGradleVersions - Gradle version information cache is up-to-date. Trying to read.
2024-02-09 23:37:03,472 [Worker-4: Loading available Gradle versions] INFO  o.e.b.c.i.u.g.PublishedGradleVersions - Gradle version information cache is out-of-date. Trying to update.
2024-02-10 05:37:39,047 [Worker-1: Loading available Gradle versions] INFO  o.e.b.c.i.u.g.PublishedGradleVersions - Gradle version information cache is up-to-date. Trying to read.
2024-02-10 06:32:58,486 [Worker-0: Loading available Gradle versions] INFO  o.e.b.c.i.u.g.PublishedGradleVersions - Gradle version information cache is up-to-date. Trying to read.
2024-02-10 16:12:26,776 [Worker-4: Loading available Gradle versions] INFO  o.e.b.c.i.u.g.PublishedGradleVersions - Gradle version information cache is up-to-date. Trying to read.
2024-02-11 00:59:03,801 [Worker-5: Loading available Gradle versions] INFO  o.e.b.c.i.u.g.PublishedGradleVersions - Gradle version information cache is out-of-date. Trying to update.
2024-02-12 01:22:41,983 [Worker-4: Loading available Gradle versions] INFO  o.e.b.c.i.u.g.PublishedGradleVersions - Gradle version information cache is out-of-date. Trying to update.
2024-02-19 23:06:29,742 [Worker-4: Loading available Gradle versions] INFO  o.e.b.c.i.u.g.PublishedGradleVersions - Gradle version information cache is out-of-date. Trying to update.
2024-02-23 02:14:27,917 [Worker-2: Loading available Gradle versions] INFO  o.e.b.c.i.u.g.PublishedGradleVersions - Gradle version information cache is out-of-date. Trying to update.
2024-02-23 03:27:13,330 [Worker-4: Loading available Gradle versions] INFO  o.e.b.c.i.u.g.PublishedGradleVersions - Gradle version information cache is up-to-date. Trying to read.
2024-02-24 00:17:04,636 [Worker-1: Loading available Gradle versions] INFO  o.e.b.c.i.u.g.PublishedGradleVersions - Gradle version information cache is up-to-date. Trying to read.
2024-02-29 00:53:43,930 [Worker-1: Loading available Gradle versions] INFO  o.e.b.c.i.u.g.PublishedGradleVersions - Gradle version information cache is out-of-date. Trying to update.
2024-03-05 00:04:04,320 [Worker-1: Loading available Gradle versions] INFO  o.e.b.c.i.u.g.PublishedGradleVersions - Gradle version information cache is out-of-date. Trying to update.
2024-03-05 00:21:28,209 [ModalContext] INFO  o.e.m.c.i.e.AbstractTransferListenerAdapter - Downloading https://repo.maven.apache.org/maven2/org/apache/maven/archetypes/maven-archetype-webapp/1.0/maven-archetype-webapp-1.0.pom
2024-03-05 00:21:28,302 [ModalContext] INFO  o.e.m.c.i.e.AbstractTransferListenerAdapter - Downloaded https://repo.maven.apache.org/maven2/org/apache/maven/archetypes/maven-archetype-webapp/1.0/maven-archetype-webapp-1.0.pom
2024-03-05 00:21:28,400 [ModalContext] INFO  o.e.m.c.i.e.AbstractTransferListenerAdapter - Downloading https://repo.maven.apache.org/maven2/org/apache/maven/archetypes/maven-archetype-bundles/2/maven-archetype-bundles-2.pom
2024-03-05 00:21:28,468 [ModalContext] INFO  o.e.m.c.i.e.AbstractTransferListenerAdapter - Downloaded https://repo.maven.apache.org/maven2/org/apache/maven/archetypes/maven-archetype-bundles/2/maven-archetype-bundles-2.pom
2024-03-05 00:21:28,533 [ModalContext] INFO  o.e.m.c.i.e.AbstractTransferListenerAdapter - Downloading https://repo.maven.apache.org/maven2/org/apache/maven/archetype/maven-archetype-parent/1/maven-archetype-parent-1.pom
2024-03-05 00:21:28,590 [ModalContext] INFO  o.e.m.c.i.e.AbstractTransferListenerAdapter - Downloaded https://repo.maven.apache.org/maven2/org/apache/maven/archetype/maven-archetype-parent/1/maven-archetype-parent-1.pom
2024-03-05 00:21:28,648 [ModalContext] INFO  o.e.m.c.i.e.AbstractTransferListenerAdapter - Downloading https://repo.maven.apache.org/maven2/org/apache/maven/maven-parent/4/maven-parent-4.pom
2024-03-05 00:21:28,734 [ModalContext] INFO  o.e.m.c.i.e.AbstractTransferListenerAdapter - Downloaded https://repo.maven.apache.org/maven2/org/apache/maven/maven-parent/4/maven-parent-4.pom
2024-03-05 00:21:28,817 [ModalContext] INFO  o.e.m.c.i.e.AbstractTransferListenerAdapter - Downloading https://repo.maven.apache.org/maven2/org/apache/maven/archetypes/maven-archetype-webapp/1.0/maven-archetype-webapp-1.0.jar
2024-03-05 00:21:28,878 [ModalContext] INFO  o.e.m.c.i.e.AbstractTransferListenerAdapter - Downloaded https://repo.maven.apache.org/maven2/org/apache/maven/archetypes/maven-archetype-webapp/1.0/maven-archetype-webapp-1.0.jar
2024-03-05 00:25:16,149 [Worker-17: Launching mavenrun-1b55a212-30c2-48c6-bde5-46b040b0e88e] INFO  o.eclipse.m2e.core.internal.Bundles - getClasspathEntries(Bundle=org.eclipse.m2e.maven.runtime_3.9.400.20230826-0755 [621])
2024-03-05 00:25:16,152 [Worker-17: Launching mavenrun-1b55a212-30c2-48c6-bde5-46b040b0e88e] INFO  o.eclipse.m2e.core.internal.Bundles - 	Entry: C:\Users\abhin\.p2\pool\plugins\org.eclipse.m2e.maven.runtime_3.9.400.20230826-0755
2024-03-05 00:25:16,152 [Worker-17: Launching mavenrun-1b55a212-30c2-48c6-bde5-46b040b0e88e] INFO  o.eclipse.m2e.core.internal.Bundles - 	Entry: C:\Users\abhin\.p2\pool\plugins\org.eclipse.m2e.maven.runtime_3.9.400.20230826-0755\jars\aether-connector-okhttp-0.17.8.jar
2024-03-05 00:25:16,152 [Worker-17: Launching mavenrun-1b55a212-30c2-48c6-bde5-46b040b0e88e] INFO  o.eclipse.m2e.core.internal.Bundles - 	Entry: C:\Users\abhin\.p2\pool\plugins\org.eclipse.m2e.maven.runtime_3.9.400.20230826-0755\jars\aopalliance-1.0.jar
2024-03-05 00:25:16,152 [Worker-17: Launching mavenrun-1b55a212-30c2-48c6-bde5-46b040b0e88e] INFO  o.eclipse.m2e.core.internal.Bundles - 	Entry: C:\Users\abhin\.p2\pool\plugins\org.eclipse.m2e.maven.runtime_3.9.400.20230826-0755\jars\commons-lang3-3.12.0.jar
2024-03-05 00:25:16,153 [Worker-17: Launching mavenrun-1b55a212-30c2-48c6-bde5-46b040b0e88e] INFO  o.eclipse.m2e.core.internal.Bundles - 	Entry: C:\Users\abhin\.p2\pool\plugins\org.eclipse.m2e.maven.runtime_3.9.400.20230826-0755\jars\guice-5.1.0.jar
2024-03-05 00:25:16,153 [Worker-17: Launching mavenrun-1b55a212-30c2-48c6-bde5-46b040b0e88e] INFO  o.eclipse.m2e.core.internal.Bundles - 	Entry: C:\Users\abhin\.p2\pool\plugins\org.eclipse.m2e.maven.runtime_3.9.400.20230826-0755\jars\jansi-2.4.0.jar
2024-03-05 00:25:16,153 [Worker-17: Launching mavenrun-1b55a212-30c2-48c6-bde5-46b040b0e88e] INFO  o.eclipse.m2e.core.internal.Bundles - 	Entry: C:\Users\abhin\.p2\pool\plugins\org.eclipse.m2e.maven.runtime_3.9.400.20230826-0755\jars\maven-artifact-3.9.4.jar
2024-03-05 00:25:16,153 [Worker-17: Launching mavenrun-1b55a212-30c2-48c6-bde5-46b040b0e88e] INFO  o.eclipse.m2e.core.internal.Bundles - 	Entry: C:\Users\abhin\.p2\pool\plugins\org.eclipse.m2e.maven.runtime_3.9.400.20230826-0755\jars\maven-builder-support-3.9.4.jar
2024-03-05 00:25:16,153 [Worker-17: Launching mavenrun-1b55a212-30c2-48c6-bde5-46b040b0e88e] INFO  o.eclipse.m2e.core.internal.Bundles - 	Entry: C:\Users\abhin\.p2\pool\plugins\org.eclipse.m2e.maven.runtime_3.9.400.20230826-0755\jars\maven-compat-3.9.4.jar
2024-03-05 00:25:16,153 [Worker-17: Launching mavenrun-1b55a212-30c2-48c6-bde5-46b040b0e88e] INFO  o.eclipse.m2e.core.internal.Bundles - 	Entry: C:\Users\abhin\.p2\pool\plugins\org.eclipse.m2e.maven.runtime_3.9.400.20230826-0755\jars\maven-core-3.9.4.jar
2024-03-05 00:25:16,153 [Worker-17: Launching mavenrun-1b55a212-30c2-48c6-bde5-46b040b0e88e] INFO  o.eclipse.m2e.core.internal.Bundles - 	Entry: C:\Users\abhin\.p2\pool\plugins\org.eclipse.m2e.maven.runtime_3.9.400.20230826-0755\jars\maven-embedder-3.9.4.jar
2024-03-05 00:25:16,154 [Worker-17: Launching mavenrun-1b55a212-30c2-48c6-bde5-46b040b0e88e] INFO  o.eclipse.m2e.core.internal.Bundles - 	Entry: C:\Users\abhin\.p2\pool\plugins\org.eclipse.m2e.maven.runtime_3.9.400.20230826-0755\jars\maven-model-3.9.4.jar
2024-03-05 00:25:16,154 [Worker-17: Launching mavenrun-1b55a212-30c2-48c6-bde5-46b040b0e88e] INFO  o.eclipse.m2e.core.internal.Bundles - 	Entry: C:\Users\abhin\.p2\pool\plugins\org.eclipse.m2e.maven.runtime_3.9.400.20230826-0755\jars\maven-model-builder-3.9.4.jar
2024-03-05 00:25:16,154 [Worker-17: Launching mavenrun-1b55a212-30c2-48c6-bde5-46b040b0e88e] INFO  o.eclipse.m2e.core.internal.Bundles - 	Entry: C:\Users\abhin\.p2\pool\plugins\org.eclipse.m2e.maven.runtime_3.9.400.20230826-0755\jars\maven-plugin-api-3.9.4.jar
2024-03-05 00:25:16,154 [Worker-17: Launching mavenrun-1b55a212-30c2-48c6-bde5-46b040b0e88e] INFO  o.eclipse.m2e.core.internal.Bundles - 	Entry: C:\Users\abhin\.p2\pool\plugins\org.eclipse.m2e.maven.runtime_3.9.400.20230826-0755\jars\maven-repository-metadata-3.9.4.jar
2024-03-05 00:25:16,154 [Worker-17: Launching mavenrun-1b55a212-30c2-48c6-bde5-46b040b0e88e] INFO  o.eclipse.m2e.core.internal.Bundles - 	Entry: C:\Users\abhin\.p2\pool\plugins\org.eclipse.m2e.maven.runtime_3.9.400.20230826-0755\jars\maven-resolver-api-1.9.14.jar
2024-03-05 00:25:16,154 [Worker-17: Launching mavenrun-1b55a212-30c2-48c6-bde5-46b040b0e88e] INFO  o.eclipse.m2e.core.internal.Bundles - 	Entry: C:\Users\abhin\.p2\pool\plugins\org.eclipse.m2e.maven.runtime_3.9.400.20230826-0755\jars\maven-resolver-connector-basic-1.9.14.jar
2024-03-05 00:25:16,154 [Worker-17: Launching mavenrun-1b55a212-30c2-48c6-bde5-46b040b0e88e] INFO  o.eclipse.m2e.core.internal.Bundles - 	Entry: C:\Users\abhin\.p2\pool\plugins\org.eclipse.m2e.maven.runtime_3.9.400.20230826-0755\jars\maven-resolver-impl-1.9.14.jar
2024-03-05 00:25:16,154 [Worker-17: Launching mavenrun-1b55a212-30c2-48c6-bde5-46b040b0e88e] INFO  o.eclipse.m2e.core.internal.Bundles - 	Entry: C:\Users\abhin\.p2\pool\plugins\org.eclipse.m2e.maven.runtime_3.9.400.20230826-0755\jars\maven-resolver-named-locks-1.9.14.jar
2024-03-05 00:25:16,154 [Worker-17: Launching mavenrun-1b55a212-30c2-48c6-bde5-46b040b0e88e] INFO  o.eclipse.m2e.core.internal.Bundles - 	Entry: C:\Users\abhin\.p2\pool\plugins\org.eclipse.m2e.maven.runtime_3.9.400.20230826-0755\jars\maven-resolver-provider-3.9.4.jar
2024-03-05 00:25:16,155 [Worker-17: Launching mavenrun-1b55a212-30c2-48c6-bde5-46b040b0e88e] INFO  o.eclipse.m2e.core.internal.Bundles - 	Entry: C:\Users\abhin\.p2\pool\plugins\org.eclipse.m2e.maven.runtime_3.9.400.20230826-0755\jars\maven-resolver-spi-1.9.14.jar
2024-03-05 00:25:16,155 [Worker-17: Launching mavenrun-1b55a212-30c2-48c6-bde5-46b040b0e88e] INFO  o.eclipse.m2e.core.internal.Bundles - 	Entry: C:\Users\abhin\.p2\pool\plugins\org.eclipse.m2e.maven.runtime_3.9.400.20230826-0755\jars\maven-resolver-transport-wagon-1.9.14.jar
2024-03-05 00:25:16,155 [Worker-17: Launching mavenrun-1b55a212-30c2-48c6-bde5-46b040b0e88e] INFO  o.eclipse.m2e.core.internal.Bundles - 	Entry: C:\Users\abhin\.p2\pool\plugins\org.eclipse.m2e.maven.runtime_3.9.400.20230826-0755\jars\maven-resolver-util-1.9.14.jar
2024-03-05 00:25:16,155 [Worker-17: Launching mavenrun-1b55a212-30c2-48c6-bde5-46b040b0e88e] INFO  o.eclipse.m2e.core.internal.Bundles - 	Entry: C:\Users\abhin\.p2\pool\plugins\org.eclipse.m2e.maven.runtime_3.9.400.20230826-0755\jars\maven-settings-3.9.4.jar
2024-03-05 00:25:16,155 [Worker-17: Launching mavenrun-1b55a212-30c2-48c6-bde5-46b040b0e88e] INFO  o.eclipse.m2e.core.internal.Bundles - 	Entry: C:\Users\abhin\.p2\pool\plugins\org.eclipse.m2e.maven.runtime_3.9.400.20230826-0755\jars\maven-settings-builder-3.9.4.jar
2024-03-05 00:25:16,155 [Worker-17: Launching mavenrun-1b55a212-30c2-48c6-bde5-46b040b0e88e] INFO  o.eclipse.m2e.core.internal.Bundles - 	Entry: C:\Users\abhin\.p2\pool\plugins\org.eclipse.m2e.maven.runtime_3.9.400.20230826-0755\jars\maven-shared-utils-3.3.4.jar
2024-03-05 00:25:16,155 [Worker-17: Launching mavenrun-1b55a212-30c2-48c6-bde5-46b040b0e88e] INFO  o.eclipse.m2e.core.internal.Bundles - 	Entry: C:\Users\abhin\.p2\pool\plugins\org.eclipse.m2e.maven.runtime_3.9.400.20230826-0755\jars\okhttp-3.14.1.jar
2024-03-05 00:25:16,156 [Worker-17: Launching mavenrun-1b55a212-30c2-48c6-bde5-46b040b0e88e] INFO  o.eclipse.m2e.core.internal.Bundles - 	Entry: C:\Users\abhin\.p2\pool\plugins\org.eclipse.m2e.maven.runtime_3.9.400.20230826-0755\jars\okio-1.17.3.jar
2024-03-05 00:25:16,156 [Worker-17: Launching mavenrun-1b55a212-30c2-48c6-bde5-46b040b0e88e] INFO  o.eclipse.m2e.core.internal.Bundles - 	Entry: C:\Users\abhin\.p2\pool\plugins\org.eclipse.m2e.maven.runtime_3.9.400.20230826-0755\jars\org.eclipse.sisu.inject-0.3.5.jar
2024-03-05 00:25:16,156 [Worker-17: Launching mavenrun-1b55a212-30c2-48c6-bde5-46b040b0e88e] INFO  o.eclipse.m2e.core.internal.Bundles - 	Entry: C:\Users\abhin\.p2\pool\plugins\org.eclipse.m2e.maven.runtime_3.9.400.20230826-0755\jars\org.eclipse.sisu.plexus-0.3.5.jar
2024-03-05 00:25:16,156 [Worker-17: Launching mavenrun-1b55a212-30c2-48c6-bde5-46b040b0e88e] INFO  o.eclipse.m2e.core.internal.Bundles - 	Entry: C:\Users\abhin\.p2\pool\plugins\org.eclipse.m2e.maven.runtime_3.9.400.20230826-0755\jars\plexus-build-api-0.0.7.jar
2024-03-05 00:25:16,156 [Worker-17: Launching mavenrun-1b55a212-30c2-48c6-bde5-46b040b0e88e] INFO  o.eclipse.m2e.core.internal.Bundles - 	Entry: C:\Users\abhin\.p2\pool\plugins\org.eclipse.m2e.maven.runtime_3.9.400.20230826-0755\jars\plexus-cipher-2.0.jar
2024-03-05 00:25:16,156 [Worker-17: Launching mavenrun-1b55a212-30c2-48c6-bde5-46b040b0e88e] INFO  o.eclipse.m2e.core.internal.Bundles - 	Entry: C:\Users\abhin\.p2\pool\plugins\org.eclipse.m2e.maven.runtime_3.9.400.20230826-0755\jars\plexus-classworlds-2.7.0.jar
2024-03-05 00:25:16,157 [Worker-17: Launching mavenrun-1b55a212-30c2-48c6-bde5-46b040b0e88e] INFO  o.eclipse.m2e.core.internal.Bundles - 	Entry: C:\Users\abhin\.p2\pool\plugins\org.eclipse.m2e.maven.runtime_3.9.400.20230826-0755\jars\plexus-component-annotations-2.1.0.jar
2024-03-05 00:25:16,157 [Worker-17: Launching mavenrun-1b55a212-30c2-48c6-bde5-46b040b0e88e] INFO  o.eclipse.m2e.core.internal.Bundles - 	Entry: C:\Users\abhin\.p2\pool\plugins\org.eclipse.m2e.maven.runtime_3.9.400.20230826-0755\jars\plexus-interpolation-1.26.jar
2024-03-05 00:25:16,157 [Worker-17: Launching mavenrun-1b55a212-30c2-48c6-bde5-46b040b0e88e] INFO  o.eclipse.m2e.core.internal.Bundles - 	Entry: C:\Users\abhin\.p2\pool\plugins\org.eclipse.m2e.maven.runtime_3.9.400.20230826-0755\jars\plexus-sec-dispatcher-2.0.jar
2024-03-05 00:25:16,157 [Worker-17: Launching mavenrun-1b55a212-30c2-48c6-bde5-46b040b0e88e] INFO  o.eclipse.m2e.core.internal.Bundles - 	Entry: C:\Users\abhin\.p2\pool\plugins\org.eclipse.m2e.maven.runtime_3.9.400.20230826-0755\jars\plexus-utils-3.5.1.jar
2024-03-05 00:25:16,157 [Worker-17: Launching mavenrun-1b55a212-30c2-48c6-bde5-46b040b0e88e] INFO  o.eclipse.m2e.core.internal.Bundles - 	Entry: C:\Users\abhin\.p2\pool\plugins\org.eclipse.m2e.maven.runtime_3.9.400.20230826-0755\jars\wagon-file-3.5.3.jar
2024-03-05 00:25:16,157 [Worker-17: Launching mavenrun-1b55a212-30c2-48c6-bde5-46b040b0e88e] INFO  o.eclipse.m2e.core.internal.Bundles - 	Entry: C:\Users\abhin\.p2\pool\plugins\org.eclipse.m2e.maven.runtime_3.9.400.20230826-0755\jars\wagon-provider-api-3.5.3.jar
2024-03-05 00:25:16,159 [Worker-17: Launching mavenrun-1b55a212-30c2-48c6-bde5-46b040b0e88e] INFO  o.eclipse.m2e.core.internal.Bundles - getClasspathEntries(Bundle=com.google.guava_32.1.2.jre [12])
2024-03-05 00:25:16,160 [Worker-17: Launching mavenrun-1b55a212-30c2-48c6-bde5-46b040b0e88e] INFO  o.eclipse.m2e.core.internal.Bundles - 	Entry: C:\Users\abhin\.p2\pool\plugins\com.google.guava_32.1.2.jre.jar
2024-03-05 00:25:16,161 [Worker-17: Launching mavenrun-1b55a212-30c2-48c6-bde5-46b040b0e88e] INFO  o.eclipse.m2e.core.internal.Bundles - getClasspathEntries(Bundle=slf4j.api_2.0.7 [982])
2024-03-05 00:25:16,162 [Worker-17: Launching mavenrun-1b55a212-30c2-48c6-bde5-46b040b0e88e] INFO  o.eclipse.m2e.core.internal.Bundles - 	Entry: C:\Users\abhin\.p2\pool\plugins\slf4j.api_2.0.7.jar
2024-03-05 00:25:16,162 [Worker-17: Launching mavenrun-1b55a212-30c2-48c6-bde5-46b040b0e88e] INFO  o.eclipse.m2e.core.internal.Bundles - getClasspathEntries(Bundle=javax.inject_1.0.0.v20220405-0441 [38])
2024-03-05 00:25:16,163 [Worker-17: Launching mavenrun-1b55a212-30c2-48c6-bde5-46b040b0e88e] INFO  o.eclipse.m2e.core.internal.Bundles - 	Entry: C:\Users\abhin\.p2\pool\plugins\javax.inject_1.0.0.v20220405-0441.jar
2024-03-05 00:25:16,163 [Worker-17: Launching mavenrun-1b55a212-30c2-48c6-bde5-46b040b0e88e] INFO  o.eclipse.m2e.core.internal.Bundles - getClasspathEntries(Bundle=javax.annotation_1.3.5.v20200909-1856 [36])
2024-03-05 00:25:16,163 [Worker-17: Launching mavenrun-1b55a212-30c2-48c6-bde5-46b040b0e88e] INFO  o.eclipse.m2e.core.internal.Bundles - 	Entry: C:\Users\abhin\.p2\pool\plugins\javax.annotation_1.3.5.v20200909-1856.jar
2024-03-05 00:25:16,164 [Worker-17: Launching mavenrun-1b55a212-30c2-48c6-bde5-46b040b0e88e] INFO  o.eclipse.m2e.core.internal.Bundles - getClasspathEntries(Bundle=org.apache.commons.cli_1.5.0 [73])
2024-03-05 00:25:16,164 [Worker-17: Launching mavenrun-1b55a212-30c2-48c6-bde5-46b040b0e88e] INFO  o.eclipse.m2e.core.internal.Bundles - 	Entry: C:\Users\abhin\.p2\pool\plugins\org.apache.commons.cli_1.5.0.jar
2024-03-05 00:25:16,164 [Worker-17: Launching mavenrun-1b55a212-30c2-48c6-bde5-46b040b0e88e] INFO  o.eclipse.m2e.core.internal.Bundles - getClasspathEntries(Bundle=com.google.guava.failureaccess_1.0.1 [14])
2024-03-05 00:25:16,165 [Worker-17: Launching mavenrun-1b55a212-30c2-48c6-bde5-46b040b0e88e] INFO  o.eclipse.m2e.core.internal.Bundles - 	Entry: C:\Users\abhin\.p2\pool\plugins\com.google.guava.failureaccess_1.0.1.jar
2024-03-05 00:25:16,175 [Worker-17: Launching mavenrun-1b55a212-30c2-48c6-bde5-46b040b0e88e] INFO  o.e.m.i.launch.MavenLaunchDelegate - Run build in "C:\Users\abhin\AppData\Local\Temp\m2e-archetypeGenerator3761484208936284784":
2024-03-05 00:25:16,180 [Worker-17: Launching mavenrun-1b55a212-30c2-48c6-bde5-46b040b0e88e] INFO  o.e.m.i.launch.MavenLaunchDelegate -  mvn  -DarchetypeGroupId=org.apache.maven.archetypes -DarchetypeArtifactId=maven-archetype-webapp -DarchetypeVersion=1.0 -DgroupId=com.adhiraj -DartifactId=SpringWebMVC1 -Dversion=0.0.1-SNAPSHOT -Dpackage=com.adhiraj.main -DoutputDirectory=D:\JavaUsingEclipse\Spring_Learner\SpringWebMVC -Dstyle.color=always -U archetype:generate
2024-03-05 00:25:58,884 [Worker-24: Creating maven-archetype-webapp] INFO  o.e.m.c.i.p.ProjectConfigurationManager - Collecting project info '/pom.xml' D:\JavaUsingEclipse\Spring_Learner\SpringWebMVC\SpringWebMVC1\pom.xml
2024-03-05 00:25:59,615 [Worker-24: Creating maven-archetype-webapp] INFO  o.e.m.c.i.e.AbstractTransferListenerAdapter - Downloading https://repo.maven.apache.org/maven2/org/apache/maven/plugins/maven-resources-plugin/3.3.1/maven-resources-plugin-3.3.1.jar
2024-03-05 00:25:59,742 [Worker-24: Creating maven-archetype-webapp] INFO  o.e.m.c.i.e.AbstractTransferListenerAdapter - Downloaded https://repo.maven.apache.org/maven2/org/apache/maven/plugins/maven-resources-plugin/3.3.1/maven-resources-plugin-3.3.1.jar
2024-03-05 00:25:59,799 [Worker-24: Creating maven-archetype-webapp] INFO  o.e.m.c.i.e.AbstractTransferListenerAdapter - Downloading https://repo.maven.apache.org/maven2/org/apache/maven/plugins/maven-compiler-plugin/3.11.0/maven-compiler-plugin-3.11.0.jar
2024-03-05 00:25:59,896 [Worker-24: Creating maven-archetype-webapp] INFO  o.e.m.c.i.e.AbstractTransferListenerAdapter - Downloaded https://repo.maven.apache.org/maven2/org/apache/maven/plugins/maven-compiler-plugin/3.11.0/maven-compiler-plugin-3.11.0.jar
2024-03-05 00:25:59,974 [Worker-24: Creating maven-archetype-webapp] INFO  o.e.m.c.i.e.AbstractTransferListenerAdapter - Downloading https://repo.maven.apache.org/maven2/org/apache/maven/plugins/maven-surefire-plugin/3.1.2/maven-surefire-plugin-3.1.2.jar
2024-03-05 00:26:00,099 [Worker-24: Creating maven-archetype-webapp] INFO  o.e.m.c.i.e.AbstractTransferListenerAdapter - Downloaded https://repo.maven.apache.org/maven2/org/apache/maven/plugins/maven-surefire-plugin/3.1.2/maven-surefire-plugin-3.1.2.jar
2024-03-05 00:26:00,176 [Worker-24: Creating maven-archetype-webapp] INFO  o.e.m.c.i.e.AbstractTransferListenerAdapter - Downloading https://repo.maven.apache.org/maven2/org/apache/maven/plugins/maven-war-plugin/3.4.0/maven-war-plugin-3.4.0.jar
2024-03-05 00:26:00,266 [Worker-24: Creating maven-archetype-webapp] INFO  o.e.m.c.i.e.AbstractTransferListenerAdapter - Downloaded https://repo.maven.apache.org/maven2/org/apache/maven/plugins/maven-war-plugin/3.4.0/maven-war-plugin-3.4.0.jar
2024-03-05 00:26:00,344 [Worker-24: Creating maven-archetype-webapp] INFO  o.e.m.c.i.e.AbstractTransferListenerAdapter - Downloading https://repo.maven.apache.org/maven2/org/apache/maven/plugins/maven-compiler-plugin/3.11.0/maven-compiler-plugin-3.11.0.pom
2024-03-05 00:26:00,401 [Worker-24: Creating maven-archetype-webapp] INFO  o.e.m.c.i.e.AbstractTransferListenerAdapter - Downloaded https://repo.maven.apache.org/maven2/org/apache/maven/plugins/maven-compiler-plugin/3.11.0/maven-compiler-plugin-3.11.0.pom
2024-03-05 00:26:00,520 [Worker-24: Creating maven-archetype-webapp] INFO  o.e.m.c.i.e.AbstractTransferListenerAdapter - Downloading https://repo.maven.apache.org/maven2/org/apache/maven/shared/maven-shared-utils/3.3.4/maven-shared-utils-3.3.4.pom
2024-03-05 00:26:00,571 [Worker-24: Creating maven-archetype-webapp] INFO  o.e.m.c.i.e.AbstractTransferListenerAdapter - Downloaded https://repo.maven.apache.org/maven2/org/apache/maven/shared/maven-shared-utils/3.3.4/maven-shared-utils-3.3.4.pom
2024-03-05 00:26:00,695 [Worker-24: Creating maven-archetype-webapp] INFO  o.e.m.c.i.e.AbstractTransferListenerAdapter - Downloading https://repo.maven.apache.org/maven2/org/codehaus/plexus/plexus-java/1.1.2/plexus-java-1.1.2.pom
2024-03-05 00:26:00,748 [Worker-24: Creating maven-archetype-webapp] INFO  o.e.m.c.i.e.AbstractTransferListenerAdapter - Downloaded https://repo.maven.apache.org/maven2/org/codehaus/plexus/plexus-java/1.1.2/plexus-java-1.1.2.pom
2024-03-05 00:26:00,807 [Worker-24: Creating maven-archetype-webapp] INFO  o.e.m.c.i.e.AbstractTransferListenerAdapter - Downloading https://repo.maven.apache.org/maven2/org/codehaus/plexus/plexus-languages/1.1.2/plexus-languages-1.1.2.pom
2024-03-05 00:26:00,863 [Worker-24: Creating maven-archetype-webapp] INFO  o.e.m.c.i.e.AbstractTransferListenerAdapter - Downloaded https://repo.maven.apache.org/maven2/org/codehaus/plexus/plexus-languages/1.1.2/plexus-languages-1.1.2.pom
2024-03-05 00:26:00,920 [Worker-24: Creating maven-archetype-webapp] INFO  o.e.m.c.i.e.AbstractTransferListenerAdapter - Downloading https://repo.maven.apache.org/maven2/org/codehaus/plexus/plexus/10/plexus-10.pom
2024-03-05 00:26:01,022 [Worker-24: Creating maven-archetype-webapp] INFO  o.e.m.c.i.e.AbstractTransferListenerAdapter - Downloaded https://repo.maven.apache.org/maven2/org/codehaus/plexus/plexus/10/plexus-10.pom
2024-03-05 00:26:01,084 [Worker-24: Creating maven-archetype-webapp] INFO  o.e.m.c.i.e.AbstractTransferListenerAdapter - Downloading https://repo.maven.apache.org/maven2/org/ow2/asm/asm/9.4/asm-9.4.pom
2024-03-05 00:26:01,135 [Worker-24: Creating maven-archetype-webapp] INFO  o.e.m.c.i.e.AbstractTransferListenerAdapter - Downloaded https://repo.maven.apache.org/maven2/org/ow2/asm/asm/9.4/asm-9.4.pom
2024-03-05 00:26:01,188 [Worker-24: Creating maven-archetype-webapp] INFO  o.e.m.c.i.e.AbstractTransferListenerAdapter - Downloading https://repo.maven.apache.org/maven2/org/ow2/ow2/1.5.1/ow2-1.5.1.pom
2024-03-05 00:26:01,238 [Worker-24: Creating maven-archetype-webapp] INFO  o.e.m.c.i.e.AbstractTransferListenerAdapter - Downloaded https://repo.maven.apache.org/maven2/org/ow2/ow2/1.5.1/ow2-1.5.1.pom
2024-03-05 00:26:01,296 [Worker-24: Creating maven-archetype-webapp] INFO  o.e.m.c.i.e.AbstractTransferListenerAdapter - Downloading https://repo.maven.apache.org/maven2/com/thoughtworks/qdox/qdox/2.0.3/qdox-2.0.3.pom
2024-03-05 00:26:01,366 [Worker-24: Creating maven-archetype-webapp] INFO  o.e.m.c.i.e.AbstractTransferListenerAdapter - Downloaded https://repo.maven.apache.org/maven2/com/thoughtworks/qdox/qdox/2.0.3/qdox-2.0.3.pom
2024-03-05 00:26:01,427 [Worker-24: Creating maven-archetype-webapp] INFO  o.e.m.c.i.e.AbstractTransferListenerAdapter - Downloading https://repo.maven.apache.org/maven2/org/sonatype/oss/oss-parent/9/oss-parent-9.pom
2024-03-05 00:26:01,526 [Worker-24: Creating maven-archetype-webapp] INFO  o.e.m.c.i.e.AbstractTransferListenerAdapter - Downloaded https://repo.maven.apache.org/maven2/org/sonatype/oss/oss-parent/9/oss-parent-9.pom
2024-03-05 00:26:01,584 [Worker-24: Creating maven-archetype-webapp] INFO  o.e.m.c.i.e.AbstractTransferListenerAdapter - Downloading https://repo.maven.apache.org/maven2/org/codehaus/plexus/plexus-compiler-api/2.13.0/plexus-compiler-api-2.13.0.pom
2024-03-05 00:26:01,636 [Worker-24: Creating maven-archetype-webapp] INFO  o.e.m.c.i.e.AbstractTransferListenerAdapter - Downloaded https://repo.maven.apache.org/maven2/org/codehaus/plexus/plexus-compiler-api/2.13.0/plexus-compiler-api-2.13.0.pom
2024-03-05 00:26:01,693 [Worker-24: Creating maven-archetype-webapp] INFO  o.e.m.c.i.e.AbstractTransferListenerAdapter - Downloading https://repo.maven.apache.org/maven2/org/codehaus/plexus/plexus-compiler/2.13.0/plexus-compiler-2.13.0.pom
2024-03-05 00:26:01,750 [Worker-24: Creating maven-archetype-webapp] INFO  o.e.m.c.i.e.AbstractTransferListenerAdapter - Downloaded https://repo.maven.apache.org/maven2/org/codehaus/plexus/plexus-compiler/2.13.0/plexus-compiler-2.13.0.pom
2024-03-05 00:26:01,810 [Worker-24: Creating maven-archetype-webapp] INFO  o.e.m.c.i.e.AbstractTransferListenerAdapter - Downloading https://repo.maven.apache.org/maven2/org/codehaus/plexus/plexus-components/10.0/plexus-components-10.0.pom
2024-03-05 00:26:01,864 [Worker-24: Creating maven-archetype-webapp] INFO  o.e.m.c.i.e.AbstractTransferListenerAdapter - Downloaded https://repo.maven.apache.org/maven2/org/codehaus/plexus/plexus-components/10.0/plexus-components-10.0.pom
2024-03-05 00:26:01,925 [Worker-24: Creating maven-archetype-webapp] INFO  o.e.m.c.i.e.AbstractTransferListenerAdapter - Downloading https://repo.maven.apache.org/maven2/org/junit/junit-bom/5.9.1/junit-bom-5.9.1.pom
2024-03-05 00:26:01,984 [Worker-24: Creating maven-archetype-webapp] INFO  o.e.m.c.i.e.AbstractTransferListenerAdapter - Downloaded https://repo.maven.apache.org/maven2/org/junit/junit-bom/5.9.1/junit-bom-5.9.1.pom
2024-03-05 00:26:02,049 [Worker-24: Creating maven-archetype-webapp] INFO  o.e.m.c.i.e.AbstractTransferListenerAdapter - Downloading https://repo.maven.apache.org/maven2/org/codehaus/plexus/plexus-utils/3.5.0/plexus-utils-3.5.0.pom
2024-03-05 00:26:02,125 [Worker-24: Creating maven-archetype-webapp] INFO  o.e.m.c.i.e.AbstractTransferListenerAdapter - Downloaded https://repo.maven.apache.org/maven2/org/codehaus/plexus/plexus-utils/3.5.0/plexus-utils-3.5.0.pom
2024-03-05 00:26:02,180 [Worker-24: Creating maven-archetype-webapp] INFO  o.e.m.c.i.e.AbstractTransferListenerAdapter - Downloading https://repo.maven.apache.org/maven2/org/codehaus/plexus/plexus-compiler-manager/2.13.0/plexus-compiler-manager-2.13.0.pom
2024-03-05 00:26:02,228 [Worker-24: Creating maven-archetype-webapp] INFO  o.e.m.c.i.e.AbstractTransferListenerAdapter - Downloaded https://repo.maven.apache.org/maven2/org/codehaus/plexus/plexus-compiler-manager/2.13.0/plexus-compiler-manager-2.13.0.pom
2024-03-05 00:26:02,299 [Worker-24: Creating maven-archetype-webapp] INFO  o.e.m.c.i.e.AbstractTransferListenerAdapter - Downloading https://repo.maven.apache.org/maven2/org/codehaus/plexus/plexus-compiler-javac/2.13.0/plexus-compiler-javac-2.13.0.pom
2024-03-05 00:26:02,351 [Worker-24: Creating maven-archetype-webapp] INFO  o.e.m.c.i.e.AbstractTransferListenerAdapter - Downloaded https://repo.maven.apache.org/maven2/org/codehaus/plexus/plexus-compiler-javac/2.13.0/plexus-compiler-javac-2.13.0.pom
2024-03-05 00:26:02,406 [Worker-24: Creating maven-archetype-webapp] INFO  o.e.m.c.i.e.AbstractTransferListenerAdapter - Downloading https://repo.maven.apache.org/maven2/org/codehaus/plexus/plexus-compilers/2.13.0/plexus-compilers-2.13.0.pom
2024-03-05 00:26:02,479 [Worker-24: Creating maven-archetype-webapp] INFO  o.e.m.c.i.e.AbstractTransferListenerAdapter - Downloaded https://repo.maven.apache.org/maven2/org/codehaus/plexus/plexus-compilers/2.13.0/plexus-compilers-2.13.0.pom
2024-03-05 00:26:02,560 [AetherRepositoryConnector-repo.maven.apache.org-0-2] INFO  o.e.m.c.i.e.AbstractTransferListenerAdapter - Downloading https://repo.maven.apache.org/maven2/org/ow2/asm/asm/9.4/asm-9.4.jar
2024-03-05 00:26:02,653 [AetherRepositoryConnector-repo.maven.apache.org-0-1] INFO  o.e.m.c.i.e.AbstractTransferListenerAdapter - Downloading https://repo.maven.apache.org/maven2/org/codehaus/plexus/plexus-java/1.1.2/plexus-java-1.1.2.jar
2024-03-05 00:26:02,663 [AetherRepositoryConnector-repo.maven.apache.org-0-4] INFO  o.e.m.c.i.e.AbstractTransferListenerAdapter - Downloading https://repo.maven.apache.org/maven2/org/codehaus/plexus/plexus-compiler-api/2.13.0/plexus-compiler-api-2.13.0.jar
2024-03-05 00:26:02,672 [AetherRepositoryConnector-repo.maven.apache.org-0-0] INFO  o.e.m.c.i.e.AbstractTransferListenerAdapter - Downloading https://repo.maven.apache.org/maven2/org/apache/maven/shared/maven-shared-utils/3.3.4/maven-shared-utils-3.3.4.jar
2024-03-05 00:26:02,750 [AetherRepositoryConnector-repo.maven.apache.org-0-3] INFO  o.e.m.c.i.e.AbstractTransferListenerAdapter - Downloading https://repo.maven.apache.org/maven2/com/thoughtworks/qdox/qdox/2.0.3/qdox-2.0.3.jar
2024-03-05 00:26:02,844 [AetherRepositoryConnector-repo.maven.apache.org-0-2] INFO  o.e.m.c.i.e.AbstractTransferListenerAdapter - Downloaded https://repo.maven.apache.org/maven2/org/ow2/asm/asm/9.4/asm-9.4.jar
2024-03-05 00:26:02,875 [AetherRepositoryConnector-repo.maven.apache.org-0-4] INFO  o.e.m.c.i.e.AbstractTransferListenerAdapter - Downloaded https://repo.maven.apache.org/maven2/org/codehaus/plexus/plexus-compiler-api/2.13.0/plexus-compiler-api-2.13.0.jar
2024-03-05 00:26:02,875 [AetherRepositoryConnector-repo.maven.apache.org-0-1] INFO  o.e.m.c.i.e.AbstractTransferListenerAdapter - Downloaded https://repo.maven.apache.org/maven2/org/codehaus/plexus/plexus-java/1.1.2/plexus-java-1.1.2.jar
2024-03-05 00:26:02,935 [AetherRepositoryConnector-repo.maven.apache.org-0-2] INFO  o.e.m.c.i.e.AbstractTransferListenerAdapter - Downloading https://repo.maven.apache.org/maven2/org/codehaus/plexus/plexus-utils/3.5.0/plexus-utils-3.5.0.jar
2024-03-05 00:26:02,939 [AetherRepositoryConnector-repo.maven.apache.org-0-0] INFO  o.e.m.c.i.e.AbstractTransferListenerAdapter - Downloaded https://repo.maven.apache.org/maven2/org/apache/maven/shared/maven-shared-utils/3.3.4/maven-shared-utils-3.3.4.jar
2024-03-05 00:26:03,008 [AetherRepositoryConnector-repo.maven.apache.org-0-1] INFO  o.e.m.c.i.e.AbstractTransferListenerAdapter - Downloading https://repo.maven.apache.org/maven2/org/codehaus/plexus/plexus-compiler-javac/2.13.0/plexus-compiler-javac-2.13.0.jar
2024-03-05 00:26:03,008 [AetherRepositoryConnector-repo.maven.apache.org-0-4] INFO  o.e.m.c.i.e.AbstractTransferListenerAdapter - Downloading https://repo.maven.apache.org/maven2/org/codehaus/plexus/plexus-compiler-manager/2.13.0/plexus-compiler-manager-2.13.0.jar
2024-03-05 00:26:03,045 [AetherRepositoryConnector-repo.maven.apache.org-0-3] INFO  o.e.m.c.i.e.AbstractTransferListenerAdapter - Downloaded https://repo.maven.apache.org/maven2/com/thoughtworks/qdox/qdox/2.0.3/qdox-2.0.3.jar
2024-03-05 00:26:03,066 [AetherRepositoryConnector-repo.maven.apache.org-0-4] INFO  o.e.m.c.i.e.AbstractTransferListenerAdapter - Downloaded https://repo.maven.apache.org/maven2/org/codehaus/plexus/plexus-compiler-manager/2.13.0/plexus-compiler-manager-2.13.0.jar
2024-03-05 00:26:03,113 [AetherRepositoryConnector-repo.maven.apache.org-0-1] INFO  o.e.m.c.i.e.AbstractTransferListenerAdapter - Downloaded https://repo.maven.apache.org/maven2/org/codehaus/plexus/plexus-compiler-javac/2.13.0/plexus-compiler-javac-2.13.0.jar
2024-03-05 00:26:03,113 [AetherRepositoryConnector-repo.maven.apache.org-0-2] INFO  o.e.m.c.i.e.AbstractTransferListenerAdapter - Downloaded https://repo.maven.apache.org/maven2/org/codehaus/plexus/plexus-utils/3.5.0/plexus-utils-3.5.0.jar
2024-03-05 00:26:03,277 [Worker-24: Creating maven-archetype-webapp] INFO  o.e.m.c.i.l.LifecycleMappingFactory - Using org.maven.ide.eclipse.wtp.WarLifecycleMapping lifecycle mapping for MavenProject: com.adhiraj:SpringWebMVC1:0.0.1-SNAPSHOT @ D:\JavaUsingEclipse\Spring_Learner\SpringWebMVC\SpringWebMVC1\pom.xml.
2024-03-05 00:26:03,404 [Worker-24: Creating maven-archetype-webapp] INFO  o.e.m.c.i.e.AbstractTransferListenerAdapter - Downloading https://repo.maven.apache.org/maven2/org/apache/maven/plugins/maven-resources-plugin/3.3.1/maven-resources-plugin-3.3.1.pom
2024-03-05 00:26:03,458 [Worker-24: Creating maven-archetype-webapp] INFO  o.e.m.c.i.e.AbstractTransferListenerAdapter - Downloaded https://repo.maven.apache.org/maven2/org/apache/maven/plugins/maven-resources-plugin/3.3.1/maven-resources-plugin-3.3.1.pom
2024-03-05 00:26:03,555 [Worker-24: Creating maven-archetype-webapp] INFO  o.e.m.c.i.e.AbstractTransferListenerAdapter - Downloading https://repo.maven.apache.org/maven2/org/apache/maven/plugins/maven-surefire-plugin/3.1.2/maven-surefire-plugin-3.1.2.pom
2024-03-05 00:26:03,608 [Worker-24: Creating maven-archetype-webapp] INFO  o.e.m.c.i.e.AbstractTransferListenerAdapter - Downloaded https://repo.maven.apache.org/maven2/org/apache/maven/plugins/maven-surefire-plugin/3.1.2/maven-surefire-plugin-3.1.2.pom
2024-03-05 00:26:03,661 [Worker-24: Creating maven-archetype-webapp] INFO  o.e.m.c.i.e.AbstractTransferListenerAdapter - Downloading https://repo.maven.apache.org/maven2/org/apache/maven/surefire/surefire/3.1.2/surefire-3.1.2.pom
2024-03-05 00:26:03,727 [Worker-24: Creating maven-archetype-webapp] INFO  o.e.m.c.i.e.AbstractTransferListenerAdapter - Downloaded https://repo.maven.apache.org/maven2/org/apache/maven/surefire/surefire/3.1.2/surefire-3.1.2.pom
2024-03-05 00:26:03,792 [Worker-24: Creating maven-archetype-webapp] INFO  o.e.m.c.i.e.AbstractTransferListenerAdapter - Downloading https://repo.maven.apache.org/maven2/org/apache/maven/plugins/maven-war-plugin/3.4.0/maven-war-plugin-3.4.0.pom
2024-03-05 00:26:03,843 [Worker-24: Creating maven-archetype-webapp] INFO  o.e.m.c.i.e.AbstractTransferListenerAdapter - Downloaded https://repo.maven.apache.org/maven2/org/apache/maven/plugins/maven-war-plugin/3.4.0/maven-war-plugin-3.4.0.pom
2024-03-05 00:26:03,928 [Worker-24: Creating maven-archetype-webapp] INFO  o.e.m.c.i.e.AbstractTransferListenerAdapter - Downloading https://repo.maven.apache.org/maven2/org/apache/maven/maven-archiver/3.6.0/maven-archiver-3.6.0.pom
2024-03-05 00:26:03,983 [Worker-24: Creating maven-archetype-webapp] INFO  o.e.m.c.i.e.AbstractTransferListenerAdapter - Downloaded https://repo.maven.apache.org/maven2/org/apache/maven/maven-archiver/3.6.0/maven-archiver-3.6.0.pom
2024-03-05 00:26:04,044 [Worker-24: Creating maven-archetype-webapp] INFO  o.e.m.c.i.e.AbstractTransferListenerAdapter - Downloading https://repo.maven.apache.org/maven2/org/apache/maven/shared/maven-shared-components/36/maven-shared-components-36.pom
2024-03-05 00:26:04,104 [Worker-24: Creating maven-archetype-webapp] INFO  o.e.m.c.i.e.AbstractTransferListenerAdapter - Downloaded https://repo.maven.apache.org/maven2/org/apache/maven/shared/maven-shared-components/36/maven-shared-components-36.pom
2024-03-05 00:26:04,168 [Worker-24: Creating maven-archetype-webapp] INFO  o.e.m.c.i.e.AbstractTransferListenerAdapter - Downloading https://repo.maven.apache.org/maven2/org/codehaus/plexus/plexus-io/3.4.0/plexus-io-3.4.0.pom
2024-03-05 00:26:04,225 [Worker-24: Creating maven-archetype-webapp] INFO  o.e.m.c.i.e.AbstractTransferListenerAdapter - Downloaded https://repo.maven.apache.org/maven2/org/codehaus/plexus/plexus-io/3.4.0/plexus-io-3.4.0.pom
2024-03-05 00:26:04,293 [Worker-24: Creating maven-archetype-webapp] INFO  o.e.m.c.i.e.AbstractTransferListenerAdapter - Downloading https://repo.maven.apache.org/maven2/javax/inject/javax.inject/1/javax.inject-1.pom
2024-03-05 00:26:04,342 [Worker-24: Creating maven-archetype-webapp] INFO  o.e.m.c.i.e.AbstractTransferListenerAdapter - Downloaded https://repo.maven.apache.org/maven2/javax/inject/javax.inject/1/javax.inject-1.pom
2024-03-05 00:26:04,396 [Worker-24: Creating maven-archetype-webapp] INFO  o.e.m.c.i.e.AbstractTransferListenerAdapter - Downloading https://repo.maven.apache.org/maven2/commons-io/commons-io/2.11.0/commons-io-2.11.0.pom
2024-03-05 00:26:04,456 [Worker-24: Creating maven-archetype-webapp] INFO  o.e.m.c.i.e.AbstractTransferListenerAdapter - Downloaded https://repo.maven.apache.org/maven2/commons-io/commons-io/2.11.0/commons-io-2.11.0.pom
2024-03-05 00:26:04,524 [Worker-24: Creating maven-archetype-webapp] INFO  o.e.m.c.i.e.AbstractTransferListenerAdapter - Downloading https://repo.maven.apache.org/maven2/org/apache/commons/commons-parent/52/commons-parent-52.pom
2024-03-05 00:26:04,595 [Worker-24: Creating maven-archetype-webapp] INFO  o.e.m.c.i.e.AbstractTransferListenerAdapter - Downloaded https://repo.maven.apache.org/maven2/org/apache/commons/commons-parent/52/commons-parent-52.pom
2024-03-05 00:26:04,655 [Worker-24: Creating maven-archetype-webapp] INFO  o.e.m.c.i.e.AbstractTransferListenerAdapter - Downloading https://repo.maven.apache.org/maven2/org/junit/junit-bom/5.7.2/junit-bom-5.7.2.pom
2024-03-05 00:26:04,711 [Worker-24: Creating maven-archetype-webapp] INFO  o.e.m.c.i.e.AbstractTransferListenerAdapter - Downloaded https://repo.maven.apache.org/maven2/org/junit/junit-bom/5.7.2/junit-bom-5.7.2.pom
2024-03-05 00:26:04,765 [Worker-24: Creating maven-archetype-webapp] INFO  o.e.m.c.i.e.AbstractTransferListenerAdapter - Downloading https://repo.maven.apache.org/maven2/org/codehaus/plexus/plexus-archiver/4.4.0/plexus-archiver-4.4.0.pom
2024-03-05 00:26:04,822 [Worker-24: Creating maven-archetype-webapp] INFO  o.e.m.c.i.e.AbstractTransferListenerAdapter - Downloaded https://repo.maven.apache.org/maven2/org/codehaus/plexus/plexus-archiver/4.4.0/plexus-archiver-4.4.0.pom
2024-03-05 00:26:04,878 [Worker-24: Creating maven-archetype-webapp] INFO  o.e.m.c.i.e.AbstractTransferListenerAdapter - Downloading https://repo.maven.apache.org/maven2/org/apache/commons/commons-compress/1.21/commons-compress-1.21.pom
2024-03-05 00:26:04,934 [Worker-24: Creating maven-archetype-webapp] INFO  o.e.m.c.i.e.AbstractTransferListenerAdapter - Downloaded https://repo.maven.apache.org/maven2/org/apache/commons/commons-compress/1.21/commons-compress-1.21.pom
2024-03-05 00:26:04,988 [Worker-24: Creating maven-archetype-webapp] INFO  o.e.m.c.i.e.AbstractTransferListenerAdapter - Downloading https://repo.maven.apache.org/maven2/org/slf4j/slf4j-api/1.7.36/slf4j-api-1.7.36.pom
2024-03-05 00:26:05,042 [Worker-24: Creating maven-archetype-webapp] INFO  o.e.m.c.i.e.AbstractTransferListenerAdapter - Downloaded https://repo.maven.apache.org/maven2/org/slf4j/slf4j-api/1.7.36/slf4j-api-1.7.36.pom
2024-03-05 00:26:05,088 [Worker-24: Creating maven-archetype-webapp] INFO  o.e.m.c.i.e.AbstractTransferListenerAdapter - Downloading https://repo.maven.apache.org/maven2/org/slf4j/slf4j-parent/1.7.36/slf4j-parent-1.7.36.pom
2024-03-05 00:26:05,148 [Worker-24: Creating maven-archetype-webapp] INFO  o.e.m.c.i.e.AbstractTransferListenerAdapter - Downloaded https://repo.maven.apache.org/maven2/org/slf4j/slf4j-parent/1.7.36/slf4j-parent-1.7.36.pom
2024-03-05 00:26:05,210 [Worker-24: Creating maven-archetype-webapp] INFO  o.e.m.c.i.e.AbstractTransferListenerAdapter - Downloading https://repo.maven.apache.org/maven2/org/tukaani/xz/1.9/xz-1.9.pom
2024-03-05 00:26:05,265 [Worker-24: Creating maven-archetype-webapp] INFO  o.e.m.c.i.e.AbstractTransferListenerAdapter - Downloaded https://repo.maven.apache.org/maven2/org/tukaani/xz/1.9/xz-1.9.pom
2024-03-05 00:26:05,332 [Worker-24: Creating maven-archetype-webapp] INFO  o.e.m.c.i.e.AbstractTransferListenerAdapter - Downloading https://repo.maven.apache.org/maven2/org/apache/maven/shared/maven-shared-utils/3.4.2/maven-shared-utils-3.4.2.pom
2024-03-05 00:26:05,419 [Worker-24: Creating maven-archetype-webapp] INFO  o.e.m.c.i.e.AbstractTransferListenerAdapter - Downloaded https://repo.maven.apache.org/maven2/org/apache/maven/shared/maven-shared-utils/3.4.2/maven-shared-utils-3.4.2.pom
2024-03-05 00:26:05,479 [Worker-24: Creating maven-archetype-webapp] INFO  o.e.m.c.i.e.AbstractTransferListenerAdapter - Downloading https://repo.maven.apache.org/maven2/org/apache/maven/shared/maven-shared-components/39/maven-shared-components-39.pom
2024-03-05 00:26:05,528 [Worker-24: Creating maven-archetype-webapp] INFO  o.e.m.c.i.e.AbstractTransferListenerAdapter - Downloaded https://repo.maven.apache.org/maven2/org/apache/maven/shared/maven-shared-components/39/maven-shared-components-39.pom
2024-03-05 00:26:05,585 [Worker-24: Creating maven-archetype-webapp] INFO  o.e.m.c.i.e.AbstractTransferListenerAdapter - Downloading https://repo.maven.apache.org/maven2/commons-io/commons-io/2.13.0/commons-io-2.13.0.pom
2024-03-05 00:26:05,646 [Worker-24: Creating maven-archetype-webapp] INFO  o.e.m.c.i.e.AbstractTransferListenerAdapter - Downloaded https://repo.maven.apache.org/maven2/commons-io/commons-io/2.13.0/commons-io-2.13.0.pom
2024-03-05 00:26:05,700 [Worker-24: Creating maven-archetype-webapp] INFO  o.e.m.c.i.e.AbstractTransferListenerAdapter - Downloading https://repo.maven.apache.org/maven2/org/apache/commons/commons-parent/58/commons-parent-58.pom
2024-03-05 00:26:05,790 [Worker-24: Creating maven-archetype-webapp] INFO  o.e.m.c.i.e.AbstractTransferListenerAdapter - Downloaded https://repo.maven.apache.org/maven2/org/apache/commons/commons-parent/58/commons-parent-58.pom
2024-03-05 00:26:05,859 [Worker-24: Creating maven-archetype-webapp] INFO  o.e.m.c.i.e.AbstractTransferListenerAdapter - Downloading https://repo.maven.apache.org/maven2/org/junit/junit-bom/5.9.3/junit-bom-5.9.3.pom
2024-03-05 00:26:05,918 [Worker-24: Creating maven-archetype-webapp] INFO  o.e.m.c.i.e.AbstractTransferListenerAdapter - Downloaded https://repo.maven.apache.org/maven2/org/junit/junit-bom/5.9.3/junit-bom-5.9.3.pom
2024-03-05 00:26:05,980 [Worker-24: Creating maven-archetype-webapp] INFO  o.e.m.c.i.e.AbstractTransferListenerAdapter - Downloading https://repo.maven.apache.org/maven2/org/codehaus/plexus/plexus-archiver/4.7.1/plexus-archiver-4.7.1.pom
2024-03-05 00:26:06,040 [Worker-24: Creating maven-archetype-webapp] INFO  o.e.m.c.i.e.AbstractTransferListenerAdapter - Downloaded https://repo.maven.apache.org/maven2/org/codehaus/plexus/plexus-archiver/4.7.1/plexus-archiver-4.7.1.pom
2024-03-05 00:26:06,094 [Worker-24: Creating maven-archetype-webapp] INFO  o.e.m.c.i.e.AbstractTransferListenerAdapter - Downloading https://repo.maven.apache.org/maven2/org/codehaus/plexus/plexus-io/3.4.1/plexus-io-3.4.1.pom
2024-03-05 00:26:06,176 [Worker-24: Creating maven-archetype-webapp] INFO  o.e.m.c.i.e.AbstractTransferListenerAdapter - Downloaded https://repo.maven.apache.org/maven2/org/codehaus/plexus/plexus-io/3.4.1/plexus-io-3.4.1.pom
2024-03-05 00:26:06,235 [Worker-24: Creating maven-archetype-webapp] INFO  o.e.m.c.i.e.AbstractTransferListenerAdapter - Downloading https://repo.maven.apache.org/maven2/org/apache/commons/commons-compress/1.23.0/commons-compress-1.23.0.pom
2024-03-05 00:26:06,300 [Worker-24: Creating maven-archetype-webapp] INFO  o.e.m.c.i.e.AbstractTransferListenerAdapter - Downloaded https://repo.maven.apache.org/maven2/org/apache/commons/commons-compress/1.23.0/commons-compress-1.23.0.pom
2024-03-05 00:26:06,373 [Worker-24: Creating maven-archetype-webapp] INFO  o.e.m.c.i.e.AbstractTransferListenerAdapter - Downloading https://repo.maven.apache.org/maven2/org/apache/commons/commons-parent/56/commons-parent-56.pom
2024-03-05 00:26:06,506 [Worker-24: Creating maven-archetype-webapp] INFO  o.e.m.c.i.e.AbstractTransferListenerAdapter - Downloaded https://repo.maven.apache.org/maven2/org/apache/commons/commons-parent/56/commons-parent-56.pom
2024-03-05 00:26:06,572 [Worker-24: Creating maven-archetype-webapp] INFO  o.e.m.c.i.e.AbstractTransferListenerAdapter - Downloading https://repo.maven.apache.org/maven2/com/github/luben/zstd-jni/1.5.5-2/zstd-jni-1.5.5-2.pom
2024-03-05 00:26:06,629 [Worker-24: Creating maven-archetype-webapp] INFO  o.e.m.c.i.e.AbstractTransferListenerAdapter - Downloaded https://repo.maven.apache.org/maven2/com/github/luben/zstd-jni/1.5.5-2/zstd-jni-1.5.5-2.pom
2024-03-05 00:26:06,686 [Worker-24: Creating maven-archetype-webapp] INFO  o.e.m.c.i.e.AbstractTransferListenerAdapter - Downloading https://repo.maven.apache.org/maven2/org/codehaus/plexus/plexus-utils/3.5.1/plexus-utils-3.5.1.pom
2024-03-05 00:26:06,747 [Worker-24: Creating maven-archetype-webapp] INFO  o.e.m.c.i.e.AbstractTransferListenerAdapter - Downloaded https://repo.maven.apache.org/maven2/org/codehaus/plexus/plexus-utils/3.5.1/plexus-utils-3.5.1.pom
2024-03-05 00:26:06,804 [Worker-24: Creating maven-archetype-webapp] INFO  o.e.m.c.i.e.AbstractTransferListenerAdapter - Downloading https://repo.maven.apache.org/maven2/org/apache/maven/shared/maven-filtering/3.3.1/maven-filtering-3.3.1.pom
2024-03-05 00:26:06,871 [Worker-24: Creating maven-archetype-webapp] INFO  o.e.m.c.i.e.AbstractTransferListenerAdapter - Downloaded https://repo.maven.apache.org/maven2/org/apache/maven/shared/maven-filtering/3.3.1/maven-filtering-3.3.1.pom
2024-03-05 00:26:06,925 [Worker-24: Creating maven-archetype-webapp] INFO  o.e.m.c.i.e.AbstractTransferListenerAdapter - Downloading https://repo.maven.apache.org/maven2/org/sonatype/plexus/plexus-build-api/0.0.7/plexus-build-api-0.0.7.pom
2024-03-05 00:26:06,986 [Worker-24: Creating maven-archetype-webapp] INFO  o.e.m.c.i.e.AbstractTransferListenerAdapter - Downloaded https://repo.maven.apache.org/maven2/org/sonatype/plexus/plexus-build-api/0.0.7/plexus-build-api-0.0.7.pom
2024-03-05 00:26:07,038 [Worker-24: Creating maven-archetype-webapp] INFO  o.e.m.c.i.e.AbstractTransferListenerAdapter - Downloading https://repo.maven.apache.org/maven2/org/sonatype/spice/spice-parent/15/spice-parent-15.pom
2024-03-05 00:26:07,095 [Worker-24: Creating maven-archetype-webapp] INFO  o.e.m.c.i.e.AbstractTransferListenerAdapter - Downloaded https://repo.maven.apache.org/maven2/org/sonatype/spice/spice-parent/15/spice-parent-15.pom
2024-03-05 00:26:07,156 [Worker-24: Creating maven-archetype-webapp] INFO  o.e.m.c.i.e.AbstractTransferListenerAdapter - Downloading https://repo.maven.apache.org/maven2/org/sonatype/forge/forge-parent/5/forge-parent-5.pom
2024-03-05 00:26:07,209 [Worker-24: Creating maven-archetype-webapp] INFO  o.e.m.c.i.e.AbstractTransferListenerAdapter - Downloaded https://repo.maven.apache.org/maven2/org/sonatype/forge/forge-parent/5/forge-parent-5.pom
2024-03-05 00:26:07,272 [Worker-24: Creating maven-archetype-webapp] INFO  o.e.m.c.i.e.AbstractTransferListenerAdapter - Downloading https://repo.maven.apache.org/maven2/org/apache/maven/shared/maven-mapping/3.0.0/maven-mapping-3.0.0.pom
2024-03-05 00:26:07,327 [Worker-24: Creating maven-archetype-webapp] INFO  o.e.m.c.i.e.AbstractTransferListenerAdapter - Downloaded https://repo.maven.apache.org/maven2/org/apache/maven/shared/maven-mapping/3.0.0/maven-mapping-3.0.0.pom
2024-03-05 00:26:07,385 [Worker-24: Creating maven-archetype-webapp] INFO  o.e.m.c.i.e.AbstractTransferListenerAdapter - Downloading https://repo.maven.apache.org/maven2/org/apache/maven/shared/maven-shared-components/22/maven-shared-components-22.pom
2024-03-05 00:26:07,447 [Worker-24: Creating maven-archetype-webapp] INFO  o.e.m.c.i.e.AbstractTransferListenerAdapter - Downloaded https://repo.maven.apache.org/maven2/org/apache/maven/shared/maven-shared-components/22/maven-shared-components-22.pom
2024-03-05 00:26:07,503 [Worker-24: Creating maven-archetype-webapp] INFO  o.e.m.c.i.e.AbstractTransferListenerAdapter - Downloading https://repo.maven.apache.org/maven2/org/apache/maven/maven-parent/27/maven-parent-27.pom
2024-03-05 00:26:07,562 [Worker-24: Creating maven-archetype-webapp] INFO  o.e.m.c.i.e.AbstractTransferListenerAdapter - Downloaded https://repo.maven.apache.org/maven2/org/apache/maven/maven-parent/27/maven-parent-27.pom
2024-03-05 00:26:07,619 [Worker-24: Creating maven-archetype-webapp] INFO  o.e.m.c.i.e.AbstractTransferListenerAdapter - Downloading https://repo.maven.apache.org/maven2/org/apache/apache/17/apache-17.pom
2024-03-05 00:26:07,674 [Worker-24: Creating maven-archetype-webapp] INFO  o.e.m.c.i.e.AbstractTransferListenerAdapter - Downloaded https://repo.maven.apache.org/maven2/org/apache/apache/17/apache-17.pom
2024-03-05 00:26:07,755 [Worker-24: Creating maven-archetype-webapp] INFO  o.e.m.c.i.e.AbstractTransferListenerAdapter - Downloading https://repo.maven.apache.org/maven2/org/apache/maven/maven-settings/3.2.5/maven-settings-3.2.5.pom
2024-03-05 00:26:07,813 [Worker-24: Creating maven-archetype-webapp] INFO  o.e.m.c.i.e.AbstractTransferListenerAdapter - Downloaded https://repo.maven.apache.org/maven2/org/apache/maven/maven-settings/3.2.5/maven-settings-3.2.5.pom
2024-03-05 00:26:07,871 [Worker-24: Creating maven-archetype-webapp] INFO  o.e.m.c.i.e.AbstractTransferListenerAdapter - Downloading https://repo.maven.apache.org/maven2/org/apache/maven/maven/3.2.5/maven-3.2.5.pom
2024-03-05 00:26:07,929 [Worker-24: Creating maven-archetype-webapp] INFO  o.e.m.c.i.e.AbstractTransferListenerAdapter - Downloaded https://repo.maven.apache.org/maven2/org/apache/maven/maven/3.2.5/maven-3.2.5.pom
2024-03-05 00:26:07,984 [Worker-24: Creating maven-archetype-webapp] INFO  o.e.m.c.i.e.AbstractTransferListenerAdapter - Downloading https://repo.maven.apache.org/maven2/org/apache/maven/maven-parent/25/maven-parent-25.pom
2024-03-05 00:26:08,042 [Worker-24: Creating maven-archetype-webapp] INFO  o.e.m.c.i.e.AbstractTransferListenerAdapter - Downloaded https://repo.maven.apache.org/maven2/org/apache/maven/maven-parent/25/maven-parent-25.pom
2024-03-05 00:26:08,177 [Worker-24: Creating maven-archetype-webapp] INFO  o.e.m.c.i.e.AbstractTransferListenerAdapter - Downloading https://repo.maven.apache.org/maven2/org/codehaus/plexus/plexus-component-annotations/1.5.4/plexus-component-annotations-1.5.4.pom
2024-03-05 00:26:08,239 [Worker-24: Creating maven-archetype-webapp] INFO  o.e.m.c.i.e.AbstractTransferListenerAdapter - Downloaded https://repo.maven.apache.org/maven2/org/codehaus/plexus/plexus-component-annotations/1.5.4/plexus-component-annotations-1.5.4.pom
2024-03-05 00:26:08,291 [Worker-24: Creating maven-archetype-webapp] INFO  o.e.m.c.i.e.AbstractTransferListenerAdapter - Downloading https://repo.maven.apache.org/maven2/org/codehaus/plexus/plexus-containers/1.5.4/plexus-containers-1.5.4.pom
2024-03-05 00:26:08,348 [Worker-24: Creating maven-archetype-webapp] INFO  o.e.m.c.i.e.AbstractTransferListenerAdapter - Downloaded https://repo.maven.apache.org/maven2/org/codehaus/plexus/plexus-containers/1.5.4/plexus-containers-1.5.4.pom
2024-03-05 00:26:08,405 [Worker-24: Creating maven-archetype-webapp] INFO  o.e.m.c.i.e.AbstractTransferListenerAdapter - Downloading https://repo.maven.apache.org/maven2/org/codehaus/plexus/plexus/2.0.5/plexus-2.0.5.pom
2024-03-05 00:26:08,464 [Worker-24: Creating maven-archetype-webapp] INFO  o.e.m.c.i.e.AbstractTransferListenerAdapter - Downloaded https://repo.maven.apache.org/maven2/org/codehaus/plexus/plexus/2.0.5/plexus-2.0.5.pom
2024-03-05 00:26:08,573 [Worker-24: Creating maven-archetype-webapp] INFO  o.e.m.c.i.e.AbstractTransferListenerAdapter - Downloading https://repo.maven.apache.org/maven2/org/codehaus/plexus/plexus-interpolation/1.21/plexus-interpolation-1.21.pom
2024-03-05 00:26:08,627 [Worker-24: Creating maven-archetype-webapp] INFO  o.e.m.c.i.e.AbstractTransferListenerAdapter - Downloaded https://repo.maven.apache.org/maven2/org/codehaus/plexus/plexus-interpolation/1.21/plexus-interpolation-1.21.pom
2024-03-05 00:26:08,759 [AetherRepositoryConnector-repo.maven.apache.org-1-1] INFO  o.e.m.c.i.e.AbstractTransferListenerAdapter - Downloading https://repo.maven.apache.org/maven2/org/codehaus/plexus/plexus-io/3.4.0/plexus-io-3.4.0.jar
2024-03-05 00:26:08,787 [AetherRepositoryConnector-repo.maven.apache.org-1-4] INFO  o.e.m.c.i.e.AbstractTransferListenerAdapter - Downloading https://repo.maven.apache.org/maven2/commons-io/commons-io/2.13.0/commons-io-2.13.0.jar
2024-03-05 00:26:08,921 [AetherRepositoryConnector-repo.maven.apache.org-1-3] INFO  o.e.m.c.i.e.AbstractTransferListenerAdapter - Downloading https://repo.maven.apache.org/maven2/org/slf4j/slf4j-api/1.7.36/slf4j-api-1.7.36.jar
2024-03-05 00:26:08,921 [AetherRepositoryConnector-repo.maven.apache.org-1-2] INFO  o.e.m.c.i.e.AbstractTransferListenerAdapter - Downloading https://repo.maven.apache.org/maven2/org/apache/maven/shared/maven-shared-utils/3.4.2/maven-shared-utils-3.4.2.jar
2024-03-05 00:26:08,921 [AetherRepositoryConnector-repo.maven.apache.org-1-0] INFO  o.e.m.c.i.e.AbstractTransferListenerAdapter - Downloading https://repo.maven.apache.org/maven2/org/apache/maven/maven-archiver/3.6.0/maven-archiver-3.6.0.jar
2024-03-05 00:26:09,086 [AetherRepositoryConnector-repo.maven.apache.org-1-1] INFO  o.e.m.c.i.e.AbstractTransferListenerAdapter - Downloaded https://repo.maven.apache.org/maven2/org/codehaus/plexus/plexus-io/3.4.0/plexus-io-3.4.0.jar
2024-03-05 00:26:09,109 [AetherRepositoryConnector-repo.maven.apache.org-1-3] INFO  o.e.m.c.i.e.AbstractTransferListenerAdapter - Downloaded https://repo.maven.apache.org/maven2/org/slf4j/slf4j-api/1.7.36/slf4j-api-1.7.36.jar
2024-03-05 00:26:09,109 [AetherRepositoryConnector-repo.maven.apache.org-1-0] INFO  o.e.m.c.i.e.AbstractTransferListenerAdapter - Downloaded https://repo.maven.apache.org/maven2/org/apache/maven/maven-archiver/3.6.0/maven-archiver-3.6.0.jar
2024-03-05 00:26:09,161 [AetherRepositoryConnector-repo.maven.apache.org-1-1] INFO  o.e.m.c.i.e.AbstractTransferListenerAdapter - Downloading https://repo.maven.apache.org/maven2/org/codehaus/plexus/plexus-archiver/4.7.1/plexus-archiver-4.7.1.jar
2024-03-05 00:26:09,162 [AetherRepositoryConnector-repo.maven.apache.org-1-4] INFO  o.e.m.c.i.e.AbstractTransferListenerAdapter - Downloaded https://repo.maven.apache.org/maven2/commons-io/commons-io/2.13.0/commons-io-2.13.0.jar
2024-03-05 00:26:09,248 [AetherRepositoryConnector-repo.maven.apache.org-1-0] INFO  o.e.m.c.i.e.AbstractTransferListenerAdapter - Downloading https://repo.maven.apache.org/maven2/javax/inject/javax.inject/1/javax.inject-1.jar
2024-03-05 00:26:09,248 [AetherRepositoryConnector-repo.maven.apache.org-1-3] INFO  o.e.m.c.i.e.AbstractTransferListenerAdapter - Downloading https://repo.maven.apache.org/maven2/org/apache/commons/commons-compress/1.23.0/commons-compress-1.23.0.jar
2024-03-05 00:26:09,252 [AetherRepositoryConnector-repo.maven.apache.org-1-2] INFO  o.e.m.c.i.e.AbstractTransferListenerAdapter - Downloaded https://repo.maven.apache.org/maven2/org/apache/maven/shared/maven-shared-utils/3.4.2/maven-shared-utils-3.4.2.jar
2024-03-05 00:26:09,323 [AetherRepositoryConnector-repo.maven.apache.org-1-4] INFO  o.e.m.c.i.e.AbstractTransferListenerAdapter - Downloading https://repo.maven.apache.org/maven2/org/tukaani/xz/1.9/xz-1.9.jar
2024-03-05 00:26:09,393 [AetherRepositoryConnector-repo.maven.apache.org-1-2] INFO  o.e.m.c.i.e.AbstractTransferListenerAdapter - Downloading https://repo.maven.apache.org/maven2/com/github/luben/zstd-jni/1.5.5-2/zstd-jni-1.5.5-2.jar
2024-03-05 00:26:09,396 [AetherRepositoryConnector-repo.maven.apache.org-1-0] INFO  o.e.m.c.i.e.AbstractTransferListenerAdapter - Downloaded https://repo.maven.apache.org/maven2/javax/inject/javax.inject/1/javax.inject-1.jar
2024-03-05 00:26:09,396 [AetherRepositoryConnector-repo.maven.apache.org-1-1] INFO  o.e.m.c.i.e.AbstractTransferListenerAdapter - Downloaded https://repo.maven.apache.org/maven2/org/codehaus/plexus/plexus-archiver/4.7.1/plexus-archiver-4.7.1.jar
2024-03-05 00:26:09,589 [AetherRepositoryConnector-repo.maven.apache.org-1-0] INFO  o.e.m.c.i.e.AbstractTransferListenerAdapter - Downloading https://repo.maven.apache.org/maven2/org/codehaus/plexus/plexus-utils/3.5.1/plexus-utils-3.5.1.jar
2024-03-05 00:26:09,589 [AetherRepositoryConnector-repo.maven.apache.org-1-1] INFO  o.e.m.c.i.e.AbstractTransferListenerAdapter - Downloading https://repo.maven.apache.org/maven2/org/apache/maven/shared/maven-filtering/3.3.1/maven-filtering-3.3.1.jar
2024-03-05 00:26:09,591 [AetherRepositoryConnector-repo.maven.apache.org-1-4] INFO  o.e.m.c.i.e.AbstractTransferListenerAdapter - Downloaded https://repo.maven.apache.org/maven2/org/tukaani/xz/1.9/xz-1.9.jar
2024-03-05 00:26:09,825 [AetherRepositoryConnector-repo.maven.apache.org-1-4] INFO  o.e.m.c.i.e.AbstractTransferListenerAdapter - Downloading https://repo.maven.apache.org/maven2/org/sonatype/plexus/plexus-build-api/0.0.7/plexus-build-api-0.0.7.jar
2024-03-05 00:26:09,933 [AetherRepositoryConnector-repo.maven.apache.org-1-1] INFO  o.e.m.c.i.e.AbstractTransferListenerAdapter - Downloaded https://repo.maven.apache.org/maven2/org/apache/maven/shared/maven-filtering/3.3.1/maven-filtering-3.3.1.jar
2024-03-05 00:26:10,010 [AetherRepositoryConnector-repo.maven.apache.org-1-4] INFO  o.e.m.c.i.e.AbstractTransferListenerAdapter - Downloaded https://repo.maven.apache.org/maven2/org/sonatype/plexus/plexus-build-api/0.0.7/plexus-build-api-0.0.7.jar
2024-03-05 00:26:10,122 [AetherRepositoryConnector-repo.maven.apache.org-1-3] INFO  o.e.m.c.i.e.AbstractTransferListenerAdapter - Downloaded https://repo.maven.apache.org/maven2/org/apache/commons/commons-compress/1.23.0/commons-compress-1.23.0.jar
2024-03-05 00:26:10,136 [AetherRepositoryConnector-repo.maven.apache.org-1-0] INFO  o.e.m.c.i.e.AbstractTransferListenerAdapter - Downloaded https://repo.maven.apache.org/maven2/org/codehaus/plexus/plexus-utils/3.5.1/plexus-utils-3.5.1.jar
2024-03-05 00:26:10,264 [AetherRepositoryConnector-repo.maven.apache.org-1-1] INFO  o.e.m.c.i.e.AbstractTransferListenerAdapter - Downloading https://repo.maven.apache.org/maven2/org/apache/maven/shared/maven-mapping/3.0.0/maven-mapping-3.0.0.jar
2024-03-05 00:26:10,264 [AetherRepositoryConnector-repo.maven.apache.org-1-4] INFO  o.e.m.c.i.e.AbstractTransferListenerAdapter - Downloading https://repo.maven.apache.org/maven2/org/apache/maven/maven-core/3.0/maven-core-3.0.jar
2024-03-05 00:26:10,352 [AetherRepositoryConnector-repo.maven.apache.org-1-3] INFO  o.e.m.c.i.e.AbstractTransferListenerAdapter - Downloading https://repo.maven.apache.org/maven2/org/apache/maven/maven-model/3.0/maven-model-3.0.jar
2024-03-05 00:26:10,360 [AetherRepositoryConnector-repo.maven.apache.org-1-0] INFO  o.e.m.c.i.e.AbstractTransferListenerAdapter - Downloading https://repo.maven.apache.org/maven2/org/apache/maven/maven-settings-builder/3.0/maven-settings-builder-3.0.jar
2024-03-05 00:26:10,487 [AetherRepositoryConnector-repo.maven.apache.org-1-1] INFO  o.e.m.c.i.e.AbstractTransferListenerAdapter - Downloaded https://repo.maven.apache.org/maven2/org/apache/maven/shared/maven-mapping/3.0.0/maven-mapping-3.0.0.jar
2024-03-05 00:26:10,627 [AetherRepositoryConnector-repo.maven.apache.org-1-0] INFO  o.e.m.c.i.e.AbstractTransferListenerAdapter - Downloaded https://repo.maven.apache.org/maven2/org/apache/maven/maven-settings-builder/3.0/maven-settings-builder-3.0.jar
2024-03-05 00:26:10,693 [AetherRepositoryConnector-repo.maven.apache.org-1-1] INFO  o.e.m.c.i.e.AbstractTransferListenerAdapter - Downloading https://repo.maven.apache.org/maven2/org/apache/maven/maven-artifact/3.0/maven-artifact-3.0.jar
2024-03-05 00:26:10,731 [AetherRepositoryConnector-repo.maven.apache.org-1-3] INFO  o.e.m.c.i.e.AbstractTransferListenerAdapter - Downloaded https://repo.maven.apache.org/maven2/org/apache/maven/maven-model/3.0/maven-model-3.0.jar
2024-03-05 00:26:10,794 [AetherRepositoryConnector-repo.maven.apache.org-1-4] INFO  o.e.m.c.i.e.AbstractTransferListenerAdapter - Downloaded https://repo.maven.apache.org/maven2/org/apache/maven/maven-core/3.0/maven-core-3.0.jar
2024-03-05 00:26:10,852 [AetherRepositoryConnector-repo.maven.apache.org-1-0] INFO  o.e.m.c.i.e.AbstractTransferListenerAdapter - Downloading https://repo.maven.apache.org/maven2/org/apache/maven/maven-plugin-api/3.0/maven-plugin-api-3.0.jar
2024-03-05 00:26:10,958 [AetherRepositoryConnector-repo.maven.apache.org-1-3] INFO  o.e.m.c.i.e.AbstractTransferListenerAdapter - Downloading https://repo.maven.apache.org/maven2/org/sonatype/aether/aether-impl/1.7/aether-impl-1.7.jar
2024-03-05 00:26:10,959 [AetherRepositoryConnector-repo.maven.apache.org-1-1] INFO  o.e.m.c.i.e.AbstractTransferListenerAdapter - Downloaded https://repo.maven.apache.org/maven2/org/apache/maven/maven-artifact/3.0/maven-artifact-3.0.jar
2024-03-05 00:26:11,009 [AetherRepositoryConnector-repo.maven.apache.org-1-4] INFO  o.e.m.c.i.e.AbstractTransferListenerAdapter - Downloading https://repo.maven.apache.org/maven2/org/sonatype/aether/aether-spi/1.7/aether-spi-1.7.jar
2024-03-05 00:26:11,161 [AetherRepositoryConnector-repo.maven.apache.org-1-0] INFO  o.e.m.c.i.e.AbstractTransferListenerAdapter - Downloaded https://repo.maven.apache.org/maven2/org/apache/maven/maven-plugin-api/3.0/maven-plugin-api-3.0.jar
2024-03-05 00:26:11,244 [AetherRepositoryConnector-repo.maven.apache.org-1-1] INFO  o.e.m.c.i.e.AbstractTransferListenerAdapter - Downloading https://repo.maven.apache.org/maven2/org/sonatype/aether/aether-api/1.7/aether-api-1.7.jar
2024-03-05 00:26:11,291 [AetherRepositoryConnector-repo.maven.apache.org-1-3] INFO  o.e.m.c.i.e.AbstractTransferListenerAdapter - Downloaded https://repo.maven.apache.org/maven2/org/sonatype/aether/aether-impl/1.7/aether-impl-1.7.jar
2024-03-05 00:26:11,305 [AetherRepositoryConnector-repo.maven.apache.org-1-0] INFO  o.e.m.c.i.e.AbstractTransferListenerAdapter - Downloading https://repo.maven.apache.org/maven2/org/sonatype/plexus/plexus-sec-dispatcher/1.3/plexus-sec-dispatcher-1.3.jar
2024-03-05 00:26:11,306 [AetherRepositoryConnector-repo.maven.apache.org-1-4] INFO  o.e.m.c.i.e.AbstractTransferListenerAdapter - Downloaded https://repo.maven.apache.org/maven2/org/sonatype/aether/aether-spi/1.7/aether-spi-1.7.jar
2024-03-05 00:26:11,357 [AetherRepositoryConnector-repo.maven.apache.org-1-1] INFO  o.e.m.c.i.e.AbstractTransferListenerAdapter - Downloaded https://repo.maven.apache.org/maven2/org/sonatype/aether/aether-api/1.7/aether-api-1.7.jar
2024-03-05 00:26:11,362 [AetherRepositoryConnector-repo.maven.apache.org-1-3] INFO  o.e.m.c.i.e.AbstractTransferListenerAdapter - Downloading https://repo.maven.apache.org/maven2/org/sonatype/plexus/plexus-cipher/1.4/plexus-cipher-1.4.jar
2024-03-05 00:26:11,407 [AetherRepositoryConnector-repo.maven.apache.org-1-0] INFO  o.e.m.c.i.e.AbstractTransferListenerAdapter - Downloaded https://repo.maven.apache.org/maven2/org/sonatype/plexus/plexus-sec-dispatcher/1.3/plexus-sec-dispatcher-1.3.jar
2024-03-05 00:26:11,409 [AetherRepositoryConnector-repo.maven.apache.org-1-2] INFO  o.e.m.c.i.e.AbstractTransferListenerAdapter - Downloaded https://repo.maven.apache.org/maven2/com/github/luben/zstd-jni/1.5.5-2/zstd-jni-1.5.5-2.jar
2024-03-05 00:26:11,451 [AetherRepositoryConnector-repo.maven.apache.org-1-3] INFO  o.e.m.c.i.e.AbstractTransferListenerAdapter - Downloaded https://repo.maven.apache.org/maven2/org/sonatype/plexus/plexus-cipher/1.4/plexus-cipher-1.4.jar
2024-03-05 00:26:12,022 [Worker-24: Creating maven-archetype-webapp] INFO  o.e.m.c.i.e.AbstractTransferListenerAdapter - Downloading https://repo.maven.apache.org/maven2/org/apache/commons/commons-lang3/3.12.0/commons-lang3-3.12.0.pom
2024-03-05 00:26:12,072 [Worker-24: Creating maven-archetype-webapp] INFO  o.e.m.c.i.e.AbstractTransferListenerAdapter - Downloaded https://repo.maven.apache.org/maven2/org/apache/commons/commons-lang3/3.12.0/commons-lang3-3.12.0.pom
2024-03-05 00:26:12,129 [Worker-24: Creating maven-archetype-webapp] INFO  o.e.m.c.i.e.AbstractTransferListenerAdapter - Downloading https://repo.maven.apache.org/maven2/org/junit/junit-bom/5.7.1/junit-bom-5.7.1.pom
2024-03-05 00:26:12,181 [Worker-24: Creating maven-archetype-webapp] INFO  o.e.m.c.i.e.AbstractTransferListenerAdapter - Downloaded https://repo.maven.apache.org/maven2/org/junit/junit-bom/5.7.1/junit-bom-5.7.1.pom
2024-03-05 00:26:12,274 [AetherRepositoryConnector-repo.maven.apache.org-2-0] INFO  o.e.m.c.i.e.AbstractTransferListenerAdapter - Downloading https://repo.maven.apache.org/maven2/commons-io/commons-io/2.11.0/commons-io-2.11.0.jar
2024-03-05 00:26:12,299 [AetherRepositoryConnector-repo.maven.apache.org-2-1] INFO  o.e.m.c.i.e.AbstractTransferListenerAdapter - Downloading https://repo.maven.apache.org/maven2/org/apache/commons/commons-lang3/3.12.0/commons-lang3-3.12.0.jar
2024-03-05 00:26:12,436 [AetherRepositoryConnector-repo.maven.apache.org-2-0] INFO  o.e.m.c.i.e.AbstractTransferListenerAdapter - Downloaded https://repo.maven.apache.org/maven2/commons-io/commons-io/2.11.0/commons-io-2.11.0.jar
2024-03-05 00:26:12,492 [AetherRepositoryConnector-repo.maven.apache.org-2-1] INFO  o.e.m.c.i.e.AbstractTransferListenerAdapter - Downloaded https://repo.maven.apache.org/maven2/org/apache/commons/commons-lang3/3.12.0/commons-lang3-3.12.0.jar
2024-03-05 00:26:12,530 [Worker-24: Creating maven-archetype-webapp] INFO  o.e.m.j.i.AbstractJavaProjectConfigurator - Adding source folder /SpringWebMVC1/src/main/java
2024-03-05 00:26:12,530 [Worker-24: Creating maven-archetype-webapp] INFO  o.e.m.j.i.AbstractJavaProjectConfigurator - Adding resource folder /SpringWebMVC1/src/main/resources
2024-03-05 00:26:12,531 [Worker-24: Creating maven-archetype-webapp] INFO  o.e.m.j.i.AbstractJavaProjectConfigurator - Adding source folder /SpringWebMVC1/src/test/java
2024-03-05 00:26:12,533 [Worker-24: Creating maven-archetype-webapp] INFO  o.e.m.j.i.AbstractJavaProjectConfigurator - Adding resource folder /SpringWebMVC1/src/test/resources
2024-03-05 00:26:13,053 [Worker-25: Download sources and javadoc] INFO  o.e.m.c.i.e.AbstractTransferListenerAdapter - Downloading https://repo.maven.apache.org/maven2/junit/junit/3.8.1/junit-3.8.1-sources.jar
2024-03-05 00:26:13,172 [Worker-25: Download sources and javadoc] INFO  o.e.m.c.i.e.AbstractTransferListenerAdapter - Downloaded https://repo.maven.apache.org/maven2/junit/junit/3.8.1/junit-3.8.1-sources.jar
2024-03-05 00:26:13,178 [Worker-25: Download sources and javadoc] INFO  o.e.m.j.internal.DownloadSourcesJob - Downloaded sources for junit:junit:3.8.1
2024-03-05 00:26:14,365 [Worker-24: Creating maven-archetype-webapp] INFO  o.e.m.c.i.p.ProjectConfigurationManager - Imported and configured 1 project(s) in 15 sec
2024-03-05 00:26:17,862 [Worker-26: Building] WARN  o.a.m.s.f.DefaultMavenResourcesFiltering - Using platform encoding (UTF-8 actually) to copy filtered resources, i.e. build is platform dependent!
2024-03-05 00:26:17,926 [Worker-26: Building] INFO  o.a.m.s.f.DefaultMavenResourcesFiltering - Copying 0 resource from src\main\resources to target\classes
2024-03-05 00:26:17,938 [Worker-26: Building] WARN  o.a.m.s.f.DefaultMavenResourcesFiltering - Using platform encoding (UTF-8 actually) to copy filtered resources, i.e. build is platform dependent!
2024-03-05 00:26:17,939 [Worker-26: Building] INFO  o.a.m.s.f.DefaultMavenResourcesFiltering - skip non existing resourceDirectory D:\JavaUsingEclipse\Spring_Learner\SpringWebMVC\SpringWebMVC1\src\test\resources
2024-03-05 00:27:53,151 [Worker-29: Building] WARN  o.a.m.s.f.DefaultMavenResourcesFiltering - Using platform encoding (UTF-8 actually) to copy filtered resources, i.e. build is platform dependent!
2024-03-05 00:27:53,155 [Worker-29: Building] INFO  o.a.m.s.f.DefaultMavenResourcesFiltering - Copying 0 resource from src\main\resources to target\classes
2024-03-05 00:27:53,158 [Worker-29: Building] WARN  o.a.m.s.f.DefaultMavenResourcesFiltering - Using platform encoding (UTF-8 actually) to copy filtered resources, i.e. build is platform dependent!
2024-03-05 00:27:53,158 [Worker-29: Building] INFO  o.a.m.s.f.DefaultMavenResourcesFiltering - skip non existing resourceDirectory D:\JavaUsingEclipse\Spring_Learner\SpringWebMVC\SpringWebMVC1\src\test\resources
2024-03-05 02:01:53,348 [Worker-4: Loading available Gradle versions] INFO  o.e.b.c.i.u.g.PublishedGradleVersions - Gradle version information cache is up-to-date. Trying to read.
2024-03-05 02:02:09,810 [Worker-2: Building] INFO  o.e.m.c.i.l.LifecycleMappingFactory - Using org.maven.ide.eclipse.wtp.WarLifecycleMapping lifecycle mapping for MavenProject: com.adhiraj:SpringWebMVC1:1.0 @ D:\JavaUsingEclipse\Spring_Learner\SpringWebMVC\SpringWebMVC1\pom.xml.
2024-03-05 02:02:12,763 [Worker-2: Building] WARN  o.a.m.s.f.DefaultMavenResourcesFiltering - Using platform encoding (UTF-8 actually) to copy filtered resources, i.e. build is platform dependent!
2024-03-05 02:02:12,774 [Worker-2: Building] INFO  o.a.m.s.f.DefaultMavenResourcesFiltering - Copying 0 resource from src\main\resources to target\classes
2024-03-05 02:02:12,785 [Worker-2: Building] WARN  o.a.m.s.f.DefaultMavenResourcesFiltering - Using platform encoding (UTF-8 actually) to copy filtered resources, i.e. build is platform dependent!
2024-03-05 02:02:12,788 [Worker-2: Building] INFO  o.a.m.s.f.DefaultMavenResourcesFiltering - skip non existing resourceDirectory D:\JavaUsingEclipse\Spring_Learner\SpringWebMVC\SpringWebMVC1\src\test\resources
2024-03-05 02:02:12,795 [Worker-2: Building] INFO  o.e.m.w.i.f.ResourceFilteringBuildParticipant - Changed resources require a complete clean of filtered resources of SpringWebMVC1
2024-03-05 02:02:12,796 [Worker-2: Building] INFO  o.e.m.w.i.f.ResourceFilteringBuildParticipant - Executing resource filtering for SpringWebMVC1
